<?xml version="1.0" encoding="UTF-8"?>
<!-- Generated by org.testng.reporters.JUnitReportReporter -->
<testsuite hostname="LTIN509713" failures="0" tests="1" name="cucumberOptions.TestNGTestRunner" time="10.858" errors="0" timestamp="2024-11-06T12:31:59 IST" skipped="0">
  <testcase classname="cucumberOptions.TestNGTestRunner" name="runScenario" time="10.858"/>
  <system-out/>
</testsuite> <!-- cucumberOptions.TestNGTestRunner -->
