<?xml version="1.0" encoding="UTF-8"?>
<!-- Generated by org.testng.reporters.JUnitReportReporter -->
<testsuite hostname="LTIN509713" failures="0" tests="2" name="cucumberOptions.TestNGTestRunner" time="35.152" errors="0" timestamp="2024-11-07T11:58:46 IST" skipped="0">
  <testcase classname="cucumberOptions.TestNGTestRunner" name="runScenario" time="19.147"/>
  <system-out/>
  <testcase classname="cucumberOptions.TestNGTestRunner" name="runScenario" time="16.005"/>
  <system-out/>
</testsuite> <!-- cucumberOptions.TestNGTestRunner -->
