<?xml version="1.0" encoding="UTF-8"?>
<!-- Generated by org.testng.reporters.JUnitReportReporter -->
<testsuite hostname="LTIN509713" failures="0" tests="1" name="cucumberOptions.TestNGTestRunner" time="15.917" errors="0" timestamp="2024-11-05T17:49:26 IST" skipped="0">
  <testcase classname="cucumberOptions.TestNGTestRunner" name="runScenario" time="15.917"/>
  <system-out/>
</testsuite> <!-- cucumberOptions.TestNGTestRunner -->
